<?xml version="1.0" encoding="UTF-8"?>
<!-- Generated by org.testng.reporters.JUnitReportReporter -->
<testsuite hostname="HYD-LT-BZH2PT2" failures="0" tests="1" name="com.practice.selenium.Action_Click" time="5.280" errors="0" timestamp="2021-07-14T22:34:27 IST" skipped="0">
  <testcase classname="com.practice.selenium.Action_Click" name="operation" time="5.280"/>
  <system-out/>
</testsuite> <!-- com.practice.selenium.Action_Click -->
