<?xml version="1.0" encoding="UTF-8"?>
<!-- Generated by org.testng.reporters.JUnitReportReporter -->
<testsuite hostname="HYD-LT-BZH2PT2" failures="0" tests="2" name="com.practice.testng.TestNGAnnotation" time="0.004" errors="0" timestamp="2021-07-05T21:01:16 IST" skipped="0">
  <testcase classname="com.practice.testng.TestNGAnnotation" name="testCase2" time="0.004"/>
  <system-out/>
  <testcase classname="com.practice.testng.TestNGAnnotation" name="testCase3" time="0.000"/>
  <system-out/>
</testsuite> <!-- com.practice.testng.TestNGAnnotation -->
