<?xml version="1.0" encoding="UTF-8"?>
<!-- Generated by org.testng.reporters.JUnitReportReporter -->
<testsuite hostname="HYD-LT-BZH2PT2" failures="0" tests="3" name="com.practice.selenium.AllLinksOnPage" time="17.058" errors="0" timestamp="2021-07-07T02:56:35 IST" skipped="0">
  <testcase classname="com.practice.selenium.AllLinksOnPage" name="fetchAllLinks" time="7.678"/>
  <system-out/>
  <testcase classname="com.practice.selenium.AllLinksOnPage" name="fetchlinksGmailLoginPage" time="3.975"/>
  <system-out/>
  <testcase classname="com.practice.selenium.AllLinksOnPage" name="fetchAlllinksDemoQAPage" time="5.405"/>
  <system-out/>
</testsuite> <!-- com.practice.selenium.AllLinksOnPage -->
