<?xml version="1.0" encoding="UTF-8"?>
<!-- Generated by org.testng.reporters.JUnitReportReporter -->
<testsuite hostname="HYD-LT-BZH2PT2" failures="0" tests="1" name="com.practice.testng.ParameterizedTestNGXML" time="0.000" errors="0" timestamp="2021-07-05T21:01:16 IST" skipped="0">
  <testcase classname="com.practice.testng.ParameterizedTestNGXML" name="getBrowser" time="0.000"/>
  <system-out/>
</testsuite> <!-- com.practice.testng.ParameterizedTestNGXML -->
