<?xml version="1.0" encoding="UTF-8"?>
<!-- Generated by org.testng.reporters.JUnitReportReporter -->
<testsuite hostname="HYD-LT-BZH2PT2" failures="0" tests="2" name="com.practice.testng.SkipTestCase" time="0.009" errors="0" timestamp="2021-07-05T15:53:49 IST" skipped="1">
  <testcase classname="com.practice.testng.SkipTestCase" name="askipTest" time="0.009">
    <skipped/>
  </testcase> <!-- askipTest -->
  <system-out/>
  <testcase classname="com.practice.testng.SkipTestCase" name="nonSkipTest" time="0.000"/>
  <system-out/>
</testsuite> <!-- com.practice.testng.SkipTestCase -->
