<?xml version="1.0" encoding="UTF-8"?>
<!-- Generated by org.testng.reporters.JUnitReportReporter -->
<testsuite hostname="HYD-LT-BZH2PT2" failures="0" tests="2" name="com.practice.testng.ModuleA" time="0.005" errors="0" timestamp="2021-07-05T17:21:34 IST" skipped="1">
  <testcase classname="com.practice.testng.ModuleA" name="moduleATest1" time="0.005"/>
  <system-out/>
  <testcase classname="com.practice.testng.ModuleA" name="moduleATest2">
    <skipped/>
  </testcase> <!-- moduleATest2 -->
  <system-out/>
</testsuite> <!-- com.practice.testng.ModuleA -->
