<?xml version="1.0" encoding="UTF-8"?>
<!-- Generated by org.testng.reporters.JUnitReportReporter -->
<testsuite hostname="HYD-LT-BZH2PT2" failures="0" tests="2" name="com.practice.testng.DependsOnMethodsTestCase" time="0.009" errors="0" timestamp="2021-07-05T17:30:26 IST" skipped="0">
  <testcase classname="com.practice.testng.DependsOnMethodsTestCase" name="testCase1" time="0.001"/>
  <system-out/>
  <testcase classname="com.practice.testng.DependsOnMethodsTestCase" name="testCase2" time="0.008"/>
  <system-out/>
</testsuite> <!-- com.practice.testng.DependsOnMethodsTestCase -->
