<?xml version="1.0" encoding="UTF-8"?>
<!-- Generated by org.testng.reporters.JUnitReportReporter -->
<testsuite hostname="HYD-LT-BZH2PT2" failures="0" tests="2" name="com.practice.testng.ParallelTest" time="10.538" errors="0" timestamp="2021-07-05T21:01:16 IST" skipped="0">
  <testcase classname="com.practice.testng.ParallelTest" name="getChorme" time="4.628"/>
  <system-out/>
  <testcase classname="com.practice.testng.ParallelTest" name="getFirefox" time="5.910"/>
  <system-out/>
</testsuite> <!-- com.practice.testng.ParallelTest -->
