<?xml version="1.0" encoding="UTF-8"?>
<!-- Generated by org.testng.reporters.JUnitReportReporter -->
<testsuite hostname="HYD-LT-BZH2PT2" failures="0" tests="3" name="com.practice.testng.TestNGAnnotation" time="0.015" errors="0" timestamp="2021-09-02T15:59:56 IST" skipped="0">
  <testcase classname="com.practice.testng.TestNGAnnotation" name="testCase2" time="0.003"/>
  <system-out/>
  <testcase classname="com.practice.testng.TestNGAnnotation" name="testCase1" time="0.009"/>
  <system-out/>
  <testcase classname="com.practice.testng.TestNGAnnotation" name="testCase3" time="0.003"/>
  <system-out/>
</testsuite> <!-- com.practice.testng.TestNGAnnotation -->
