<?xml version="1.0" encoding="UTF-8"?>
<!-- Generated by org.testng.reporters.JUnitReportReporter -->
<testsuite hostname="HYD-LT-BZH2PT2" failures="0" tests="2" name="com.practice.testng.ModuleB" time="0.001" errors="0" timestamp="2021-07-05T17:21:34 IST" skipped="1">
  <testcase classname="com.practice.testng.ModuleB" name="moduleBTest3" time="0.001"/>
  <system-out/>
  <testcase classname="com.practice.testng.ModuleB" name="moduleBTest2">
    <skipped/>
  </testcase> <!-- moduleBTest2 -->
  <system-out/>
</testsuite> <!-- com.practice.testng.ModuleB -->
