<?xml version="1.0" encoding="UTF-8"?>
<!-- Generated by org.testng.reporters.JUnitReportReporter -->
<testsuite hostname="HYD-LT-BZH2PT2" failures="0" tests="1" name="com.practice.selenium.FrameCount" time="3.046" errors="0" timestamp="2021-07-07T17:39:42 IST" skipped="0">
  <testcase classname="com.practice.selenium.FrameCount" name="getIframeCount" time="3.046"/>
  <system-out/>
</testsuite> <!-- com.practice.selenium.FrameCount -->
