<?xml version="1.0" encoding="UTF-8"?>
<!-- Generated by org.testng.reporters.JUnitReportReporter -->
<testsuite hostname="HYD-LT-BZH2PT2" failures="0" tests="2" name="com.practice.testng.DataProviderClass" time="0.006" errors="0" timestamp="2021-07-05T17:59:21 IST" skipped="0">
  <testcase classname="com.practice.testng.DataProviderClass" name="loginTest" time="0.001"/>
  <system-out/>
  <testcase classname="com.practice.testng.DataProviderClass" name="loginTest" time="0.005"/>
  <system-out/>
</testsuite> <!-- com.practice.testng.DataProviderClass -->
