<?xml version="1.0" encoding="UTF-8"?>
<!-- Generated by org.testng.reporters.JUnitReportReporter -->
<testsuite hostname="HYD-LT-BZH2PT2" failures="0" tests="2" name="com.practice.selenium.HandleSSL" time="8.465" errors="0" timestamp="2021-07-07T01:15:01 IST" skipped="0">
  <testcase classname="com.practice.selenium.HandleSSL" name="handleSSLOnFirefox" time="5.011"/>
  <system-out/>
  <testcase classname="com.practice.selenium.HandleSSL" name="handleSSLOnChrome" time="3.454"/>
  <system-out/>
</testsuite> <!-- com.practice.selenium.HandleSSL -->
