<?xml version="1.0" encoding="UTF-8"?>
<!-- Generated by org.testng.reporters.JUnitReportReporter -->
<testsuite hostname="HYD-LT-BZH2PT2" failures="0" tests="1" name="com.practice.selenium.BrokenLinks" time="8.908" errors="0" timestamp="2021-07-07T03:38:45 IST" skipped="0">
  <testcase classname="com.practice.selenium.BrokenLinks" name="findAllBrokenLinksOnPage" time="8.908"/>
  <system-out/>
</testsuite> <!-- com.practice.selenium.BrokenLinks -->
