<?xml version="1.0" encoding="UTF-8"?>
<!-- Generated by org.testng.reporters.JUnitReportReporter -->
<testsuite hostname="HYD-LT-BZH2PT2" failures="0" tests="2" name="com.practice.selenium.ToolTipExample1" time="8.646" errors="0" timestamp="2021-07-14T02:29:25 IST" skipped="0">
  <testcase classname="com.practice.selenium.ToolTipExample1" name="verifyToolTipText_Using_Title_Attribute" time="3.311"/>
  <system-out/>
  <testcase classname="com.practice.selenium.ToolTipExample1" name="verifyToolTipText_Using_Actions_class" time="5.335"/>
  <system-out/>
</testsuite> <!-- com.practice.selenium.ToolTipExample1 -->
