<?xml version="1.0" encoding="UTF-8"?>
<!-- Generated by org.testng.reporters.JUnitReportReporter -->
<testsuite hostname="HYD-LT-BZH2PT2" failures="0" tests="1" name="com.practice.testng.Test1" time="0.003" errors="0" timestamp="2021-07-05T21:01:16 IST" skipped="0">
  <testcase classname="com.practice.testng.Test1" name="test1" time="0.003"/>
  <system-out/>
</testsuite> <!-- com.practice.testng.Test1 -->
